<?xml version="1.0" encoding="UTF-8"?>
<!-- Generated by org.testng.reporters.JUnitReportReporter -->
<testsuite skipped="0" hostname="Basu-PC" name="azure.FreshWorksTest" tests="2" failures="0" timestamp="01 Aug 2020 11:47:16 GMT" time="29.916" errors="0">
  <testcase name="getFooterLinksTest" time="15.906" classname="azure.FreshWorksTest"/>
  <testcase name="freshWorksTitleTest" time="14.010" classname="azure.FreshWorksTest"/>
</testsuite> <!-- azure.FreshWorksTest -->
